Determining if the pthread_create exist failed with the following output:
Change Dir: /home/lovesh/dev/libsnark-tutorial/build/CMakeFiles/CMakeTmp

Run Build Command:"/usr/bin/make" "cmTC_d95ec/fast"
/usr/bin/make -f CMakeFiles/cmTC_d95ec.dir/build.make CMakeFiles/cmTC_d95ec.dir/build
make[1]: Entering directory '/home/lovesh/dev/libsnark-tutorial/build/CMakeFiles/CMakeTmp'
Building C object CMakeFiles/cmTC_d95ec.dir/CheckSymbolExists.c.o
/usr/bin/cc    -o CMakeFiles/cmTC_d95ec.dir/CheckSymbolExists.c.o   -c /home/lovesh/dev/libsnark-tutorial/build/CMakeFiles/CMakeTmp/CheckSymbolExists.c
Linking C executable cmTC_d95ec
/usr/bin/cmake -E cmake_link_script CMakeFiles/cmTC_d95ec.dir/link.txt --verbose=1
/usr/bin/cc      -rdynamic CMakeFiles/cmTC_d95ec.dir/CheckSymbolExists.c.o  -o cmTC_d95ec 
CMakeFiles/cmTC_d95ec.dir/CheckSymbolExists.c.o: In function `main':
CheckSymbolExists.c:(.text+0x1b): undefined reference to `pthread_create'
collect2: error: ld returned 1 exit status
CMakeFiles/cmTC_d95ec.dir/build.make:97: recipe for target 'cmTC_d95ec' failed
make[1]: *** [cmTC_d95ec] Error 1
make[1]: Leaving directory '/home/lovesh/dev/libsnark-tutorial/build/CMakeFiles/CMakeTmp'
Makefile:126: recipe for target 'cmTC_d95ec/fast' failed
make: *** [cmTC_d95ec/fast] Error 2

File /home/lovesh/dev/libsnark-tutorial/build/CMakeFiles/CMakeTmp/CheckSymbolExists.c:
/* */
#include <pthread.h>

int main(int argc, char** argv)
{
  (void)argv;
#ifndef pthread_create
  return ((int*)(&pthread_create))[argc];
#else
  (void)argc;
  return 0;
#endif
}

